<?xml version="1.0" encoding="UTF-8"?>
<testsuite xmlns:xsi="http://www.w3.org/2001/XMLSchema-instance" xsi:noNamespaceSchemaLocation="https://maven.apache.org/surefire/maven-surefire-plugin/xsd/surefire-test-report.xsd" name="craftinggui.recipe.RecipeManagerTests" time="0.001" tests="1" errors="1" skipped="0" failures="0">
  <properties>
    <property name="sun.desktop" value="windows"/>
    <property name="awt.toolkit" value="sun.awt.windows.WToolkit"/>
    <property name="file.encoding.pkg" value="sun.io"/>
    <property name="java.specification.version" value="16"/>
    <property name="jdk.extensions.version" value="16.0.1.0"/>
    <property name="sun.jnu.encoding" value="Cp1252"/>
    <property name="java.class.path" value="D:\Minecraft\Plugins\CraftingGUI\CraftingGUI-1.13\target\test-classes;D:\Minecraft\Plugins\CraftingGUI\CraftingGUI-1.13\target\classes;C:\Users\haker\.m2\repository\org\spigotmc\spigot-api\1.13.2-R0.1-SNAPSHOT\spigot-api-1.13.2-R0.1-SNAPSHOT.jar;C:\Users\haker\.m2\repository\commons-lang\commons-lang\2.6\commons-lang-2.6.jar;C:\Users\haker\.m2\repository\com\googlecode\json-simple\json-simple\1.1.1\json-simple-1.1.1.jar;C:\Users\haker\.m2\repository\com\google\guava\guava\21.0\guava-21.0.jar;C:\Users\haker\.m2\repository\com\google\code\gson\gson\2.8.0\gson-2.8.0.jar;C:\Users\haker\.m2\repository\net\md-5\bungeecord-chat\1.13-SNAPSHOT\bungeecord-chat-1.13-SNAPSHOT.jar;C:\Users\haker\.m2\repository\org\yaml\snakeyaml\1.23\snakeyaml-1.23.jar;C:\Users\haker\.m2\repository\org\projectlombok\lombok\1.18.20\lombok-1.18.20.jar;C:\Users\haker\.m2\repository\org\apache\maven\maven-artifact\3.8.1\maven-artifact-3.8.1.jar;C:\Users\haker\.m2\repository\org\codehaus\plexus\plexus-utils\3.2.1\plexus-utils-3.2.1.jar;C:\Users\haker\.m2\repository\org\apache\commons\commons-lang3\3.8.1\commons-lang3-3.8.1.jar;C:\Users\haker\.m2\repository\org\jetbrains\annotations\21.0.1\annotations-21.0.1.jar;C:\Users\haker\.m2\repository\com\github\seeseemelk\MockBukkit-v1.13-spigot\0.1.1\MockBukkit-v1.13-spigot-0.1.1.jar;C:\Users\haker\.m2\repository\junit\junit\4.12\junit-4.12.jar;C:\Users\haker\.m2\repository\org\hamcrest\hamcrest-core\1.3\hamcrest-core-1.3.jar;C:\Users\haker\.m2\repository\org\hamcrest\hamcrest-library\1.3\hamcrest-library-1.3.jar;C:\Users\haker\.m2\repository\commons-io\commons-io\1.3.2\commons-io-1.3.2.jar;C:\Users\haker\.m2\repository\org\junit\jupiter\junit-jupiter\5.5.0\junit-jupiter-5.5.0.jar;C:\Users\haker\.m2\repository\org\junit\jupiter\junit-jupiter-api\5.5.0\junit-jupiter-api-5.5.0.jar;C:\Users\haker\.m2\repository\org\apiguardian\apiguardian-api\1.1.0\apiguardian-api-1.1.0.jar;C:\Users\haker\.m2\repository\org\opentest4j\opentest4j\1.2.0\opentest4j-1.2.0.jar;C:\Users\haker\.m2\repository\org\junit\platform\junit-platform-commons\1.5.0\junit-platform-commons-1.5.0.jar;C:\Users\haker\.m2\repository\org\junit\jupiter\junit-jupiter-params\5.5.0\junit-jupiter-params-5.5.0.jar;C:\Users\haker\.m2\repository\org\junit\jupiter\junit-jupiter-engine\5.5.0\junit-jupiter-engine-5.5.0.jar;C:\Users\haker\.m2\repository\org\junit\platform\junit-platform-engine\1.5.0\junit-platform-engine-1.5.0.jar;"/>
    <property name="java.vm.vendor" value="Eclipse OpenJ9"/>
    <property name="com.ibm.vm.bitmode" value="64"/>
    <property name="sun.arch.data.model" value="64"/>
    <property name="user.variant" value=""/>
    <property name="com.ibm.oti.vm.library.version" value="29"/>
    <property name="java.vendor.url" value="https://adoptopenjdk.net/"/>
    <property name="user.timezone" value=""/>
    <property name="os.name" value="Windows 10"/>
    <property name="java.vm.specification.version" value="16"/>
    <property name="user.country" value="GB"/>
    <property name="sun.java.launcher" value="SUN_STANDARD"/>
    <property name="sun.boot.library.path" value="C:\Users\haker\.jdks\adopt-openj9-16.0.1\bin\default;C:\Users\haker\.jdks\adopt-openj9-16.0.1\bin"/>
    <property name="sun.java.command" value="C:\Users\haker\AppData\Local\Temp\surefire6373525230714601695\surefirebooter6609103967878504636.jar C:\Users\haker\AppData\Local\Temp\surefire6373525230714601695 2021-08-08T21-27-45_997-jvmRun1 surefire12020418751006333156tmp surefire_010288458525154835444tmp"/>
    <property name="surefire.test.class.path" value="D:\Minecraft\Plugins\CraftingGUI\CraftingGUI-1.13\target\test-classes;D:\Minecraft\Plugins\CraftingGUI\CraftingGUI-1.13\target\classes;C:\Users\haker\.m2\repository\org\spigotmc\spigot-api\1.13.2-R0.1-SNAPSHOT\spigot-api-1.13.2-R0.1-SNAPSHOT.jar;C:\Users\haker\.m2\repository\commons-lang\commons-lang\2.6\commons-lang-2.6.jar;C:\Users\haker\.m2\repository\com\googlecode\json-simple\json-simple\1.1.1\json-simple-1.1.1.jar;C:\Users\haker\.m2\repository\com\google\guava\guava\21.0\guava-21.0.jar;C:\Users\haker\.m2\repository\com\google\code\gson\gson\2.8.0\gson-2.8.0.jar;C:\Users\haker\.m2\repository\net\md-5\bungeecord-chat\1.13-SNAPSHOT\bungeecord-chat-1.13-SNAPSHOT.jar;C:\Users\haker\.m2\repository\org\yaml\snakeyaml\1.23\snakeyaml-1.23.jar;C:\Users\haker\.m2\repository\org\projectlombok\lombok\1.18.20\lombok-1.18.20.jar;C:\Users\haker\.m2\repository\org\apache\maven\maven-artifact\3.8.1\maven-artifact-3.8.1.jar;C:\Users\haker\.m2\repository\org\codehaus\plexus\plexus-utils\3.2.1\plexus-utils-3.2.1.jar;C:\Users\haker\.m2\repository\org\apache\commons\commons-lang3\3.8.1\commons-lang3-3.8.1.jar;C:\Users\haker\.m2\repository\org\jetbrains\annotations\21.0.1\annotations-21.0.1.jar;C:\Users\haker\.m2\repository\com\github\seeseemelk\MockBukkit-v1.13-spigot\0.1.1\MockBukkit-v1.13-spigot-0.1.1.jar;C:\Users\haker\.m2\repository\junit\junit\4.12\junit-4.12.jar;C:\Users\haker\.m2\repository\org\hamcrest\hamcrest-core\1.3\hamcrest-core-1.3.jar;C:\Users\haker\.m2\repository\org\hamcrest\hamcrest-library\1.3\hamcrest-library-1.3.jar;C:\Users\haker\.m2\repository\commons-io\commons-io\1.3.2\commons-io-1.3.2.jar;C:\Users\haker\.m2\repository\org\junit\jupiter\junit-jupiter\5.5.0\junit-jupiter-5.5.0.jar;C:\Users\haker\.m2\repository\org\junit\jupiter\junit-jupiter-api\5.5.0\junit-jupiter-api-5.5.0.jar;C:\Users\haker\.m2\repository\org\apiguardian\apiguardian-api\1.1.0\apiguardian-api-1.1.0.jar;C:\Users\haker\.m2\repository\org\opentest4j\opentest4j\1.2.0\opentest4j-1.2.0.jar;C:\Users\haker\.m2\repository\org\junit\platform\junit-platform-commons\1.5.0\junit-platform-commons-1.5.0.jar;C:\Users\haker\.m2\repository\org\junit\jupiter\junit-jupiter-params\5.5.0\junit-jupiter-params-5.5.0.jar;C:\Users\haker\.m2\repository\org\junit\jupiter\junit-jupiter-engine\5.5.0\junit-jupiter-engine-5.5.0.jar;C:\Users\haker\.m2\repository\org\junit\platform\junit-platform-engine\1.5.0\junit-platform-engine-1.5.0.jar;"/>
    <property name="sun.cpu.endian" value="little"/>
    <property name="user.home" value="C:\Users\haker"/>
    <property name="user.language" value="en"/>
    <property name="java.specification.vendor" value="Oracle Corporation"/>
    <property name="java.version.date" value="2021-04-20"/>
    <property name="java.home" value="C:\Users\haker\.jdks\adopt-openj9-16.0.1"/>
    <property name="ibm.signalhandling.rs" value="false"/>
    <property name="jdk.extensions.name" value="Extensions for OpenJDK for Eclipse OpenJ9"/>
    <property name="file.separator" value="\"/>
    <property name="basedir" value="D:\Minecraft\Plugins\CraftingGUI\CraftingGUI-1.13"/>
    <property name="line.separator" value="&#10;"/>
    <property name="java.vm.specification.vendor" value="Oracle Corporation"/>
    <property name="java.specification.name" value="Java Platform API Specification"/>
    <property name="java.compiler" value="j9jit29"/>
    <property name="com.ibm.util.extralibs.properties" value=""/>
    <property name="java.awt.graphicsenv" value="sun.awt.Win32GraphicsEnvironment"/>
    <property name="com.ibm.oti.configuration" value="scar"/>
    <property name="java.awt.fonts" value=""/>
    <property name="surefire.real.class.path" value="C:\Users\haker\AppData\Local\Temp\surefire6373525230714601695\surefirebooter6609103967878504636.jar"/>
    <property name="com.ibm.oti.shared.enabled" value="false"/>
    <property name="jdk.boot.class.path.append" value=""/>
    <property name="com.ibm.oti.vm.bootstrap.library.path" value="C:\Users\haker\.jdks\adopt-openj9-16.0.1\bin\default;C:\Users\haker\.jdks\adopt-openj9-16.0.1\bin"/>
    <property name="com.ibm.cpu.endian" value="little"/>
    <property name="java.fullversion" value="16.0.1+9&#10;JRE 16 Windows 10 amd64-64-Bit Compressed References 20210421_24 (JIT enabled, AOT enabled)&#10;OpenJ9   - b4cc246d9&#10;OMR      - 162e6f729&#10;JCL      - cea22090ecf based on jdk-16.0.1+9"/>
    <property name="java.runtime.version" value="16.0.1+9"/>
    <property name="user.name" value="haker"/>
    <property name="path.separator" value=";"/>
    <property name="os.version" value="10.0"/>
    <property name="java.runtime.name" value="OpenJDK Runtime Environment"/>
    <property name="ibm.signalhandling.sigint" value="true"/>
    <property name="file.encoding" value="Cp1252"/>
    <property name="java.vm.name" value="Eclipse OpenJ9 VM"/>
    <property name="java.vendor.version" value="AdoptOpenJDK-16.0.1+9"/>
    <property name="ibm.signalhandling.sigchain" value="true"/>
    <property name="localRepository" value="C:\Users\haker\.m2\repository"/>
    <property name="java.vendor.url.bug" value="https://github.com/AdoptOpenJDK/openjdk-support/issues"/>
    <property name="java.io.tmpdir" value="C:\Users\haker\AppData\Local\Temp\"/>
    <property name="idea.version" value="2021.2"/>
    <property name="java.version" value="16.0.1"/>
    <property name="com.ibm.system.agent.path" value="C:\Users\haker\.jdks\adopt-openj9-16.0.1\bin"/>
    <property name="user.dir" value="D:\Minecraft\Plugins\CraftingGUI\CraftingGUI-1.13"/>
    <property name="os.arch" value="amd64"/>
    <property name="java.vm.specification.name" value="Java Virtual Machine Specification"/>
    <property name="java.awt.printerjob" value="sun.awt.windows.WPrinterJob"/>
    <property name="sun.nio.PageAlignDirectMemory" value="false"/>
    <property name="os.encoding" value="UTF8"/>
    <property name="java.library.path" value="C:\Users\haker\.jdks\adopt-openj9-16.0.1\bin\default;C:\Users\haker\.jdks\adopt-openj9-16.0.1\bin;C:\WINDOWS\system32;C:\WINDOWS;C:\Program Files\Common Files\Oracle\Java\javapath;C:\Python27\;C:\Python27\Scripts;C:\Program Files (x86)\Common Files\Oracle\Java\javapath;C:\Program Files (x86)\Common Files\Intel\Shared Libraries\redist\intel64_win\compiler;C:\Program Files (x86)\Common Files\Intel\Shared Libraries\redist\intel64\compiler;C:\Users\haker\gcc\bin;C:\Users\haker\gcc\libexec\gcc\x86_64-pc-mingw32\4.9.2;C:\ProgramData\Oracle\Java\javapath;C:\WINDOWS\system32;C:\WINDOWS;C:\WINDOWS\System32\Wbem;C:\WINDOWS\System32\WindowsPowerShell\v1.0\;C:\Program Files (x86)\NVIDIA Corporation\PhysX\Common;C:\Program Files\Git\cmd;C:\Program Files\dotnet\;C:\Program Files\Microsoft SQL Server\130\Tools\Binn\;C:\WINDOWS\System32\OpenSSH\;C:\Program Files\NVIDIA Corporation\NVIDIA NvDLISR;C:\Users\haker\AppData\Local\Programs\Python\Python37-32\Scripts;C:\WINDOWS\system32;C:\WINDOWS;C:\WINDOWS\System32\Wbem;C:\WINDOWS\System32\WindowsPowerShell\v1.0\;C:\WINDOWS\System32\OpenSSH\;C:\Program Files\nodejs\;C:\ProgramData\chocolatey\bin;C:\TDM-GCC-64\bin;C:\Users\haker\.jdks\adopt-openj9-11.0.11\bin;C:\Users\haker\AppData\Local\Microsoft\WindowsApps;C:\Users\haker\AppData\Local\GitHubDesktop\bin;C:\Users\haker\AppData\Local\Microsoft\WindowsApps;C:\Users\haker\AppData\Roaming\npm;C:\Users\haker\AppData\Local\Programs\Microsoft VS Code\bin;C:\Users\haker\Documents\ffmpeg\bin;C:\Users\haker\.dotnet\tools;C:\Users\haker\.dotnet\tools;C:\Users\haker\AppData\Local\atom\bin;;."/>
    <property name="sun.nio.MaxDirectMemorySize" value="3735101440"/>
    <property name="java.vm.info" value="JRE 16 Windows 10 amd64-64-Bit Compressed References 20210421_24 (JIT enabled, AOT enabled)&#10;OpenJ9   - b4cc246d9&#10;OMR      - 162e6f729&#10;JCL      - cea22090ecf based on jdk-16.0.1+9"/>
    <property name="java.vendor" value="AdoptOpenJDK"/>
    <property name="java.vm.version" value="openj9-0.26.0"/>
    <property name="ibm.system.encoding" value="Cp1252"/>
    <property name="com.ibm.jcl.checkClassPath" value=""/>
    <property name="sun.io.unicode.encoding" value="UnicodeLittle"/>
    <property name="java.class.version" value="60.0"/>
  </properties>
  <testcase name="testLoadingRecipes" classname="craftinggui.recipe.RecipeManagerTests" time="0.001">
    <error message="Failed to instantiate plugin" type="java.lang.RuntimeException">java.lang.RuntimeException: Failed to instantiate plugin
	at craftinggui.recipe.RecipeManagerTests.setUp(RecipeManagerTests.java:27)
Caused by: java.lang.reflect.InvocationTargetException
	at craftinggui.recipe.RecipeManagerTests.setUp(RecipeManagerTests.java:27)
Caused by: be.seeseemelk.mockbukkit.UnimplementedOperationException: Not implemented
	at craftinggui.recipe.RecipeManagerTests.setUp(RecipeManagerTests.java:27)
</error>
  </testcase>
</testsuite>